Performance Statistics   2008-12-23 15:47:30 - 2008-12-23 15:48:00
Tag                                                  Avg(ms)         Min         Max     Std Dev       Count
tag0                                                  2500.0        1000        4000      1500.0           2
tag1                                                     2.0           2           2         0.0           1
tag2                                                  2000.5        1001        3000       999.5           2
tag3                                                  1500.0        1000        2000       500.0           2
tag4                                                  1000.0        1000        1000         0.0           1

Performance Statistics   2008-12-23 15:48:00 - 2008-12-23 15:48:30
Tag                                                  Avg(ms)         Min         Max     Std Dev       Count
tag0                                                  4000.0        4000        4000         0.0           1
tag1                                                  1000.0        1000        1000         0.0           1

Performance Statistics   2008-12-23 15:48:30 - 2008-12-23 15:49:00
Tag                                                  Avg(ms)         Min         Max     Std Dev       Count
tag0                                                  1000.3           0        2000       816.5           3
tag1                                                  3001.0        3001        3001         0.0           1
tag2                                                  2000.0        2000        2000         0.0           1
tag3                                                  2000.0        2000        2000         0.0           1
tag4                                                     0.0           0           0         0.0           1

Performance Statistics   2008-12-23 15:49:00 - 2008-12-23 15:49:30
Tag                                                  Avg(ms)         Min         Max     Std Dev       Count
tag1                                                  3000.0        3000        3000         0.0           1
tag3                                                  1000.0        1000        1000         0.0           1
tag4                                                  1000.0        1000        1000         0.0           1

Performance Statistics   2008-12-23 15:49:30 - 2008-12-23 15:50:00
Tag                                                  Avg(ms)         Min         Max     Std Dev       Count
tag0                                                  3000.0        3000        3000         0.0           1
tag1                                                  3000.0        3000        3000         0.0           1
tag2                                                  3000.0        3000        3000         0.0           1
tag3                                                  2500.0        2000        3000       500.0           2

Performance Statistics   2008-12-23 15:50:00 - 2008-12-23 15:50:30
Tag                                                  Avg(ms)         Min         Max     Std Dev       Count
tag0                                                  3000.0        3000        3000         0.0           1
tag1                                                  3000.0        3000        3000         0.0           1
tag2                                                  3000.0        3000        3000         0.0           1
tag4                                                  1000.0        1000        1000         0.0           1

Performance Statistics   2008-12-23 15:50:30 - 2008-12-23 15:51:00
Tag                                                  Avg(ms)         Min         Max     Std Dev       Count
tag1                                                  2000.0        2000        2000         0.0           1
tag2                                                     0.0           0           0         0.0           1
tag3                                                  3001.0        3001        3001         0.0           1
tag4                                                  3000.0        3000        3000         0.0           1

Performance Statistics   2008-12-23 15:51:00 - 2008-12-23 15:51:30
Tag                                                  Avg(ms)         Min         Max     Std Dev       Count
tag0                                                  3000.0        3000        3000         0.0           1
tag2                                                  1001.0        1001        1001         0.0           1
tag3                                                  1000.0        1000        1000         0.0           1
tag4                                                  2000.0        1000        3000       816.5           3

Performance Statistics   2008-12-23 15:51:30 - 2008-12-23 15:52:00
Tag                                                  Avg(ms)         Min         Max     Std Dev       Count
tag1                                                     0.0           0           0         0.0           1
tag2                                                  1666.7           0        3000      1247.2           3
tag3                                                  4000.0        4000        4000         0.0           1

Performance Statistics   2008-12-23 15:52:00 - 2008-12-23 15:52:30
Tag                                                  Avg(ms)         Min         Max     Std Dev       Count
tag0                                                  3001.0        3001        3001         0.0           1
tag1                                                  1500.0           0        3000      1500.0           2
tag2                                                  2000.0        2000        2000         0.0           1
tag3                                                  1000.0        1000        1000         0.0           1
tag4                                                  3000.0        3000        3000         0.0           1

Performance Statistics   2008-12-23 15:52:30 - 2008-12-23 15:53:00
Tag                                                  Avg(ms)         Min         Max     Std Dev       Count
tag4                                                  4001.0        4001        4001         0.0           1

Performance Statistics   2008-12-23 15:53:00 - 2008-12-23 15:53:30
Tag                                                  Avg(ms)         Min         Max     Std Dev       Count
tag0                                                  4000.0        4000        4000         0.0           1
tag1                                                     0.0           0           0         0.0           1
tag2                                                  1000.0        1000        1000         0.0           1
tag3                                                  3000.0        3000        3000         0.0           1
tag4                                                  3000.0        3000        3000         0.0           1

Performance Statistics   2008-12-23 15:53:30 - 2008-12-23 15:54:00
Tag                                                  Avg(ms)         Min         Max     Std Dev       Count
tag1                                                  2000.0        2000        2000         0.0           1
tag2                                                  4000.0        4000        4000         0.0           1
tag3                                                  1000.0        1000        1000         0.0           1

Performance Statistics   2008-12-23 15:54:00 - 2008-12-23 15:54:30
Tag                                                  Avg(ms)         Min         Max     Std Dev       Count
tag0                                                  2000.0        2000        2000         0.0           1
tag1                                                  4000.0        4000        4000         0.0           1
tag2                                                  3666.7        3000        4000       471.4           3
tag3                                                  3001.0        3001        3001         0.0           1
tag4                                                  3000.0        3000        3000         0.0           1

Performance Statistics   2008-12-23 15:54:30 - 2008-12-23 15:55:00
Tag                                                  Avg(ms)         Min         Max     Std Dev       Count
tag0                                                  3000.0        2000        4000      1000.0           2
tag1                                                  4000.0        4000        4000         0.0           1
tag2                                                  1000.0        1000        1000         0.0           1
tag3                                                  3000.0        3000        3000         0.0           1
tag4                                                  3000.0        3000        3000         0.0           2

Performance Statistics   2008-12-23 15:55:00 - 2008-12-23 15:55:30
Tag                                                  Avg(ms)         Min         Max     Std Dev       Count
tag4                                                  4000.0        4000        4000         0.0           1

Performance Statistics   2008-12-23 15:55:30 - 2008-12-23 15:56:00
Tag                                                  Avg(ms)         Min         Max     Std Dev       Count
tag0                                                  1000.3           0        3001      1414.7           3
tag1                                                     0.0           0           0         0.0           1
tag2                                                  1000.0        1000        1000         0.0           1
tag3                                                  2500.0        2000        3000       500.0           2
tag4                                                  1000.0        1000        1000         0.0           1

Performance Statistics   2008-12-23 15:56:00 - 2008-12-23 15:56:30
Tag                                                  Avg(ms)         Min         Max     Std Dev       Count
tag0                                                  4000.0        4000        4000         0.0           1
tag1                                                     0.0           0           0         0.0           1
tag2                                                  2000.0        2000        2000         0.0           1
tag3                                                  1000.0           0        2000      1000.0           4
tag4                                                     0.0           0           0         0.0           1

Performance Statistics   2008-12-23 15:56:30 - 2008-12-23 15:57:00
Tag                                                  Avg(ms)         Min         Max     Std Dev       Count
tag0                                                  2000.0        2000        2000         0.0           1
tag1                                                  4000.0        4000        4000         0.0           1
tag2                                                  1000.0        1000        1000         0.0           1

Performance Statistics   2008-12-23 15:57:00 - 2008-12-23 15:57:30
Tag                                                  Avg(ms)         Min         Max     Std Dev       Count
tag1                                                     0.0           0           0         0.0           1
tag3                                                  2001.0        2001        2001         0.0           1
tag4                                                  3000.0        3000        3000         0.0           1

Performance Statistics   2008-12-23 15:57:30 - 2008-12-23 15:58:00
Tag                                                  Avg(ms)         Min         Max     Std Dev       Count
tag0                                                  4000.0        4000        4000         0.0           1
tag2                                                  4000.0        4000        4000         0.0           1
tag3                                                  1000.0        1000        1000         0.0           1
tag4                                                     0.0           0           0         0.0           1

Performance Statistics   2008-12-23 15:58:00 - 2008-12-23 15:58:30
Tag                                                  Avg(ms)         Min         Max     Std Dev       Count
tag1                                                  2750.3        1000        4001      1299.3           4
tag2                                                  1500.0        1000        2000       500.0           2
tag3                                                  4000.0        4000        4000         0.0           1
tag4                                                  4000.0        4000        4000         0.0           1

Performance Statistics   2008-12-23 15:58:30 - 2008-12-23 15:59:00
Tag                                                  Avg(ms)         Min         Max     Std Dev       Count
tag0                                                   500.0           0        1000       500.0           2
tag1                                                  4000.0        4000        4000         0.0           1
tag3                                                     0.0           0           0         0.0           1
tag4                                                     0.0           0           0         0.0           1

Performance Statistics   2008-12-23 15:59:00 - 2008-12-23 15:59:30
Tag                                                  Avg(ms)         Min         Max     Std Dev       Count
tag0                                                  4000.0        4000        4000         0.0           1
tag1                                                  1000.0        1000        1000         0.0           1
tag2                                                  1000.5           0        2001      1000.5           2
tag4                                                  2500.5        1001        4000      1499.5           2

Performance Statistics   2008-12-23 15:59:30 - 2008-12-23 16:00:00
Tag                                                  Avg(ms)         Min         Max     Std Dev       Count
tag0                                                  4000.0        4000        4000         0.0           1
tag1                                                  2000.0        2000        2000         0.0           1
tag3                                                  1000.0        1000        1000         0.0           1

Performance Statistics   2008-12-23 16:00:00 - 2008-12-23 16:00:30
Tag                                                  Avg(ms)         Min         Max     Std Dev       Count
tag0                                                  2000.0        2000        2000         0.0           1
tag1                                                  1000.0        1000        1000         0.0           1
tag2                                                  1000.0        1000        1000         0.0           1
tag3                                                  2000.0        2000        2000         0.0           1
tag4                                                  2001.0        2001        2001         0.0           1

Performance Statistics   2008-12-23 16:00:30 - 2008-12-23 16:01:00
Tag                                                  Avg(ms)         Min         Max     Std Dev       Count
tag0                                                  3001.0        3001        3001         0.0           1
tag1                                                     0.0           0           0         0.0           1
tag3                                                  4000.0        4000        4000         0.0           1
tag4                                                  1000.0        1000        1000         0.0           1

Performance Statistics   2008-12-23 16:01:00 - 2008-12-23 16:01:30
Tag                                                  Avg(ms)         Min         Max     Std Dev       Count
tag0                                                     0.0           0           0         0.0           1
tag1                                                     0.0           0           0         0.0           1
tag2                                                     0.0           0           0         0.0           1

Performance Statistics   2008-12-23 16:01:30 - 2008-12-23 16:02:00
Tag                                                  Avg(ms)         Min         Max     Std Dev       Count
tag1                                                  1000.0           0        2000      1000.0           2
tag2                                                  2000.0        2000        2000         0.0           1
tag3                                                  3001.0        3001        3001         0.0           1
tag4                                                  1500.0        1000        2000       500.0           2

Performance Statistics   2008-12-23 16:02:00 - 2008-12-23 16:02:30
Tag                                                  Avg(ms)         Min         Max     Std Dev       Count
tag0                                                  1500.5           0        3001      1500.5           2
tag2                                                  2000.0        2000        2000         0.0           1
tag3                                                  2000.0           0        4000      2000.0           2
tag4                                                  4000.0        4000        4000         0.0           1

Performance Statistics   2008-12-23 16:02:30 - 2008-12-23 16:03:00
Tag                                                  Avg(ms)         Min         Max     Std Dev       Count
tag0                                                  3000.0        3000        3000         0.0           1
tag1                                                  3001.0        3001        3001         0.0           1
tag2                                                  2000.0        2000        2000         0.0           2
tag3                                                     0.0           0           0         0.0           1
tag4                                                  1000.0        1000        1000         0.0           2

Performance Statistics   2008-12-23 16:03:00 - 2008-12-23 16:03:30
Tag                                                  Avg(ms)         Min         Max     Std Dev       Count
tag3                                                  4000.0        4000        4000         0.0           1
tag4                                                     0.0           0           0         0.0           1

Performance Statistics   2008-12-23 16:03:30 - 2008-12-23 16:04:00
Tag                                                  Avg(ms)         Min         Max     Std Dev       Count
tag0                                                  2000.0        2000        2000         0.0           1
tag1                                                  2000.0        2000        2000         0.0           1
tag2                                                  1000.0        1000        1000         0.0           1
tag4                                                  3000.0        3000        3000         0.0           1

Performance Statistics   2008-12-23 16:04:00 - 2008-12-23 16:04:30
Tag                                                  Avg(ms)         Min         Max     Std Dev       Count
tag1                                                  1000.0        1000        1000         0.0           1
tag3                                                  2000.0        2000        2000         0.0           1
tag4                                                  3500.0        3000        4000       500.0           2

Performance Statistics   2008-12-23 16:04:30 - 2008-12-23 16:05:00
Tag                                                  Avg(ms)         Min         Max     Std Dev       Count
tag0                                                  2000.0        2000        2000         0.0           1
tag1                                                  2000.0        2000        2000         0.0           1
tag2                                                  1000.0        1000        1000         0.0           1
tag3                                                  2001.0        2001        2001         0.0           1
tag4                                                  4000.0        4000        4000         0.0           1

Performance Statistics   2008-12-23 16:05:00 - 2008-12-23 16:05:30
Tag                                                  Avg(ms)         Min         Max     Std Dev       Count
tag0                                                     0.0           0           0         0.0           1
tag1                                                     0.0           0           0         0.0           1
tag3                                                  1000.0        1000        1000         0.0           1
tag4                                                  1000.0        1000        1000         0.0           1

Performance Statistics   2008-12-23 16:05:30 - 2008-12-23 16:06:00
Tag                                                  Avg(ms)         Min         Max     Std Dev       Count
tag0                                                  2000.0        2000        2000         0.0           1
tag1                                                  2000.0        2000        2000         0.0           1
tag2                                                  4001.0        4001        4001         0.0           1
tag3                                                  2500.0        2000        3000       500.0           2
tag4                                                  3000.0        3000        3000         0.0           2

Performance Statistics   2008-12-23 16:06:00 - 2008-12-23 16:06:30
Tag                                                  Avg(ms)         Min         Max     Std Dev       Count
tag0                                                     1.0           1           1         0.0           1
tag1                                                  3000.0        3000        3000         0.0           1
tag4                                                     0.0           0           0         0.0           1

Performance Statistics   2008-12-23 16:06:30 - 2008-12-23 16:07:00
Tag                                                  Avg(ms)         Min         Max     Std Dev       Count
tag0                                                  3000.0        3000        3000         0.0           1
tag1                                                  1000.0        1000        1000         0.0           2
tag2                                                  1000.0           0        2000      1000.0           2
tag3                                                  4000.0        4000        4000         0.0           1
tag4                                                  3500.0        3000        4000       500.0           2

Performance Statistics   2008-12-23 16:07:00 - 2008-12-23 16:07:30
Tag                                                  Avg(ms)         Min         Max     Std Dev       Count
tag0                                                  4000.0        4000        4000         0.0           1
tag2                                                  4000.0        4000        4000         0.0           1
tag4                                                     0.0           0           0         0.0           1

Performance Statistics   2008-12-23 16:07:30 - 2008-12-23 16:08:00
Tag                                                  Avg(ms)         Min         Max     Std Dev       Count
tag0                                                     0.0           0           0         0.0           1
tag1                                                     0.0           0           0         0.0           1
tag2                                                  1000.0        1000        1000         0.0           1
tag3                                                  2000.3        1000        3000       999.8           4

Performance Statistics   2008-12-23 16:08:00 - 2008-12-23 16:08:30
Tag                                                  Avg(ms)         Min         Max     Std Dev       Count
tag1                                                  3500.0        3000        4000       500.0           2
tag2                                                  1500.0           0        3000      1500.0           2
tag3                                                  4000.0        4000        4000         0.0           1
tag4                                                  2333.7           0        4001      1700.0           3

Performance Statistics   2008-12-23 16:08:30 - 2008-12-23 16:09:00
Tag                                                  Avg(ms)         Min         Max     Std Dev       Count
tag0                                                  2000.5           0        4001      2000.5           2
tag1                                                  4000.0        4000        4000         0.0           1
tag3                                                  4000.0        4000        4000         0.0           1

Performance Statistics   2008-12-23 16:09:00 - 2008-12-23 16:09:30
Tag                                                  Avg(ms)         Min         Max     Std Dev       Count
tag0                                                     0.0           0           0         0.0           1
tag1                                                  4000.0        4000        4000         0.0           1
tag2                                                  2500.0        2000        3000       500.0           2
tag4                                                  3000.0        2000        4000      1000.0           2

Performance Statistics   2008-12-23 16:09:30 - 2008-12-23 16:10:00
Tag                                                  Avg(ms)         Min         Max     Std Dev       Count
tag1                                                  2500.5        1000        4001      1500.5           2
tag2                                                  1000.0        1000        1000         0.0           1
tag3                                                  2000.0        2000        2000         0.0           1

Performance Statistics   2008-12-23 16:10:00 - 2008-12-23 16:10:30
Tag                                                  Avg(ms)         Min         Max     Std Dev       Count
tag0                                                  3000.0        3000        3000         0.0           1
tag1                                                  2000.0        2000        2000         0.0           1
tag2                                                  3000.0        3000        3000         0.0           1
tag3                                                  2000.0        2000        2000         0.0           1
tag4                                                  2000.0        1000        3000      1000.0           2

Performance Statistics   2008-12-23 16:10:30 - 2008-12-23 16:11:00
Tag                                                  Avg(ms)         Min         Max     Std Dev       Count
tag0                                                     0.0           0           0         0.0           1
tag1                                                  1500.5        1000        2001       500.5           2

Performance Statistics   2008-12-23 16:11:00 - 2008-12-23 16:11:30
Tag                                                  Avg(ms)         Min         Max     Std Dev       Count
tag1                                                  2000.0        1000        3000      1000.0           2
tag2                                                  4000.0        4000        4000         0.0           1
tag3                                                  4000.0        4000        4000         0.0           1
tag4                                                  3000.0        3000        3000         0.0           1

Performance Statistics   2008-12-23 16:11:30 - 2008-12-23 16:12:00
Tag                                                  Avg(ms)         Min         Max     Std Dev       Count
tag0                                                     0.0           0           0         0.0           1
tag1                                                  2666.7        2000        4000       942.8           3
tag3                                                  2000.0        2000        2000         0.0           1
tag4                                                  4000.0        4000        4000         0.0           1

Performance Statistics   2008-12-23 16:12:00 - 2008-12-23 16:12:30
Tag                                                  Avg(ms)         Min         Max     Std Dev       Count
tag2                                                  3000.0        3000        3000         0.0           1
tag3                                                  4000.0        4000        4000         0.0           1

Performance Statistics   2008-12-23 16:12:30 - 2008-12-23 16:13:00
Tag                                                  Avg(ms)         Min         Max     Std Dev       Count
tag0                                                  4000.0        4000        4000         0.0           1
tag1                                                  2000.0        2000        2000         0.0           1
tag2                                                  2333.3           0        4000      1699.7           3
tag4                                                  2001.0        2001        2001         0.0           1

Performance Statistics   2008-12-23 16:13:00 - 2008-12-23 16:13:30
Tag                                                  Avg(ms)         Min         Max     Std Dev       Count
tag0                                                     0.0           0           0         0.0           2
tag3                                                  2000.0           0        3000      1414.2           3
tag4                                                     0.0           0           0         0.0           1

Performance Statistics   2008-12-23 16:13:30 - 2008-12-23 16:14:00
Tag                                                  Avg(ms)         Min         Max     Std Dev       Count
tag1                                                     0.0           0           0         0.0           1
tag2                                                  1666.7        1000        2000       471.4           3
tag3                                                  3000.0        2000        4000      1000.0           2

